This is pdfTeX, Version 3.141592653-2.6-1.40.26 (TeX Live 2024) (preloaded format=pdflatex 2024.12.1)  1 DEC 2024 22:53
entering extended mode
 restricted \write18 enabled.
 file:line:error style messages enabled.
 %&-line parsing enabled.
**main
(./main.tex
LaTeX2e <2023-11-01> patch level 1
L3 programming layer <2024-02-20>
(d:/DApplication/texlive/2024/texmf-dist/tex/latex/ctex/ctexart.cls (d:/DApplication/texlive/2024/texmf-dist/tex/latex/ctex/config/ctexbackend.cfg
File: ctexbackend.cfg 2022/07/14 v2.5.10 Backend configuration file (CTEX)
) (d:/DApplication/texlive/2024/texmf-dist/tex/latex/l3kernel/expl3.sty
Package: expl3 2024-02-20 L3 programming layer (loader) 
 (d:/DApplication/texlive/2024/texmf-dist/tex/latex/l3backend/l3backend-pdftex.def
File: l3backend-pdftex.def 2024-02-20 L3 backend support: PDF output (pdfTeX)
\l__color_backend_stack_int=\count188
\l__pdf_internal_box=\box51
))
Document Class: ctexart 2022/07/14 v2.5.10 Chinese adapter for class article (CTEX)
(d:/DApplication/texlive/2024/texmf-dist/tex/latex/ctex/ctexhook.sty
Package: ctexhook 2022/07/14 v2.5.10 Document and package hooks (CTEX)
) (d:/DApplication/texlive/2024/texmf-dist/tex/latex/ctex/ctexpatch.sty
Package: ctexpatch 2022/07/14 v2.5.10 Patching commands (CTEX)
) (d:/DApplication/texlive/2024/texmf-dist/tex/latex/base/fix-cm.sty
Package: fix-cm 2020/11/24 v1.1t fixes to LaTeX
 (d:/DApplication/texlive/2024/texmf-dist/tex/latex/base/ts1enc.def
File: ts1enc.def 2001/06/05 v3.0e (jk/car/fm) Standard LaTeX file
LaTeX Font Info:    Redeclaring font encoding TS1 on input line 47.
))
\l__ctex_tmp_int=\count189
\l__ctex_tmp_box=\box52
\l__ctex_tmp_dim=\dimen140
\g__ctex_section_depth_int=\count190
\g__ctex_font_size_int=\count191
 (d:/DApplication/texlive/2024/texmf-dist/tex/latex/ctex/config/ctexopts.cfg
File: ctexopts.cfg 2022/07/14 v2.5.10 Option configuration file (CTEX)
)

Class ctexart Warning: UTF8 will be used as the default encoding.

(d:/DApplication/texlive/2024/texmf-dist/tex/latex/base/article.cls
Document Class: article 2023/05/17 v1.4n Standard LaTeX document class
(d:/DApplication/texlive/2024/texmf-dist/tex/latex/base/size10.clo
File: size10.clo 2023/05/17 v1.4n Standard LaTeX file (size option)
)
\c@part=\count192
\c@section=\count193
\c@subsection=\count194
\c@subsubsection=\count195
\c@paragraph=\count196
\c@subparagraph=\count197
\c@figure=\count198
\c@table=\count199
\abovecaptionskip=\skip48
\belowcaptionskip=\skip49
\bibindent=\dimen141
) (d:/DApplication/texlive/2024/texmf-dist/tex/latex/ctex/engine/ctex-engine-pdftex.def
File: ctex-engine-pdftex.def 2022/07/14 v2.5.10 (pdf)LaTeX adapter (CTEX)
 (d:/DApplication/texlive/2024/texmf-dist/tex/latex/cjk/texinput/CJKutf8.sty
Package: CJKutf8 2021/10/16 4.8.5
 (d:/DApplication/texlive/2024/texmf-dist/tex/generic/iftex/ifpdf.sty
Package: ifpdf 2019/10/25 v3.4 ifpdf legacy package. Use iftex instead.
 (d:/DApplication/texlive/2024/texmf-dist/tex/generic/iftex/iftex.sty
Package: iftex 2022/02/03 v1.0f TeX engine tests
)) (d:/DApplication/texlive/2024/texmf-dist/tex/latex/base/inputenc.sty
Package: inputenc 2021/02/14 v1.3d Input encoding file
\inpenc@prehook=\toks17
\inpenc@posthook=\toks18
) (d:/DApplication/texlive/2024/texmf-dist/tex/latex/cjk/texinput/CJK.sty
Package: CJK 2021/10/16 4.8.5
 (d:/DApplication/texlive/2024/texmf-dist/tex/latex/cjk/texinput/mule/MULEenc.sty
Package: MULEenc 2021/10/16 4.8.5
) (d:/DApplication/texlive/2024/texmf-dist/tex/latex/cjk/texinput/CJK.enc
File: CJK.enc 2021/10/16 4.8.5
Now handling font encoding C00 ...
... no UTF-8 mapping file for font encoding C00
Now handling font encoding C05 ...
... no UTF-8 mapping file for font encoding C05
Now handling font encoding C09 ...
... no UTF-8 mapping file for font encoding C09
Now handling font encoding C10 ...
... no UTF-8 mapping file for font encoding C10
Now handling font encoding C20 ...
... no UTF-8 mapping file for font encoding C20
Now handling font encoding C19 ...
... no UTF-8 mapping file for font encoding C19
Now handling font encoding C40 ...
... no UTF-8 mapping file for font encoding C40
Now handling font encoding C42 ...
... no UTF-8 mapping file for font encoding C42
Now handling font encoding C43 ...
... no UTF-8 mapping file for font encoding C43
Now handling font encoding C50 ...
... no UTF-8 mapping file for font encoding C50
Now handling font encoding C52 ...
... no UTF-8 mapping file for font encoding C52
Now handling font encoding C49 ...
... no UTF-8 mapping file for font encoding C49
Now handling font encoding C60 ...
... no UTF-8 mapping file for font encoding C60
Now handling font encoding C61 ...
... no UTF-8 mapping file for font encoding C61
Now handling font encoding C63 ...
... no UTF-8 mapping file for font encoding C63
Now handling font encoding C64 ...
... no UTF-8 mapping file for font encoding C64
Now handling font encoding C65 ...
... no UTF-8 mapping file for font encoding C65
Now handling font encoding C70 ...
... no UTF-8 mapping file for font encoding C70
Now handling font encoding C31 ...
... no UTF-8 mapping file for font encoding C31
Now handling font encoding C32 ...
... no UTF-8 mapping file for font encoding C32
Now handling font encoding C33 ...
... no UTF-8 mapping file for font encoding C33
Now handling font encoding C34 ...
... no UTF-8 mapping file for font encoding C34
Now handling font encoding C35 ...
... no UTF-8 mapping file for font encoding C35
Now handling font encoding C36 ...
... no UTF-8 mapping file for font encoding C36
Now handling font encoding C37 ...
... no UTF-8 mapping file for font encoding C37
Now handling font encoding C80 ...
... no UTF-8 mapping file for font encoding C80
Now handling font encoding C81 ...
... no UTF-8 mapping file for font encoding C81
Now handling font encoding C01 ...
... no UTF-8 mapping file for font encoding C01
Now handling font encoding C11 ...
... no UTF-8 mapping file for font encoding C11
Now handling font encoding C21 ...
... no UTF-8 mapping file for font encoding C21
Now handling font encoding C41 ...
... no UTF-8 mapping file for font encoding C41
Now handling font encoding C62 ...
... no UTF-8 mapping file for font encoding C62
)
\CJK@indent=\box53
) (d:/DApplication/texlive/2024/texmf-dist/tex/latex/base/fontenc.sty
Package: fontenc 2021/04/29 v2.0v Standard LaTeX package
)) (d:/DApplication/texlive/2024/texmf-dist/tex/latex/cjkpunct/CJKpunct.sty
Package: CJKpunct 2016/05/14 4.8.4
\CJKpunct@cnta=\count266
\CJKpunct@cntb=\count267
\CJKpunct@cntc=\count268
\CJKpunct@cntd=\count269
\CJKpunct@cnte=\count270
   defining Unicode char U+2018 (decimal 8216)
   defining Unicode char U+2019 (decimal 8217)
   defining Unicode char U+201C (decimal 8220)
   defining Unicode char U+201D (decimal 8221)
   defining Unicode char U+2014 (decimal 8212)
   defining Unicode char U+2026 (decimal 8230)
 (d:/DApplication/texlive/2024/texmf-dist/tex/latex/cjkpunct/CJKpunct.spa)) (d:/DApplication/texlive/2024/texmf-dist/tex/latex/cjk/texinput/CJKspace.sty
Package: CJKspace 2021/10/16 3.8.0
) (d:/DApplication/texlive/2024/texmf-dist/tex/latex/cjk/texinput/UTF8/UTF8.bdg
File: UTF8.bdg 2021/10/16 4.8.5
) (d:/DApplication/texlive/2024/texmf-dist/tex/latex/ctex/ctexspa.def
File: ctexspa.def 2022/07/14 v2.5.10 Space info for CJKpunct (CTEX)
)
\ccwd=\dimen142
\l__ctex_ccglue_skip=\skip50
)
\l__ctex_ziju_dim=\dimen143
 (d:/DApplication/texlive/2024/texmf-dist/tex/latex/zhnumber/zhnumber.sty
Package: zhnumber 2022/07/14 v3.0 Typesetting numbers with Chinese glyphs
\l__zhnum_scale_int=\count271
\l__zhnum_tmp_int=\count272
 (d:/DApplication/texlive/2024/texmf-dist/tex/latex/zhnumber/zhnumber-utf8.cfg
File: zhnumber-utf8.cfg 2022/07/14 v3.0 Chinese numerals with UTF8 encoding
))
\l__ctex_heading_skip=\skip51
 (d:/DApplication/texlive/2024/texmf-dist/tex/latex/ctex/scheme/ctex-scheme-chinese-article.def
File: ctex-scheme-chinese-article.def 2022/07/14 v2.5.10 Chinese scheme for article (CTEX)
 (d:/DApplication/texlive/2024/texmf-dist/tex/latex/ctex/config/ctex-name-utf8.cfg
File: ctex-name-utf8.cfg 2022/07/14 v2.5.10 Caption with encoding UTF-8 (CTEX)
)) (d:/DApplication/texlive/2024/texmf-dist/tex/latex/ctex/ctex-c5size.clo
File: ctex-c5size.clo 2022/07/14 v2.5.10 c5size option (CTEX)
) (d:/DApplication/texlive/2024/texmf-dist/tex/latex/ctex/fontset/ctex-fontset-windows.def
File: ctex-fontset-windows.def 2022/07/14 v2.5.10 Windows fonts definition (CTEX)
)) (d:/DApplication/texlive/2024/texmf-dist/tex/latex/ctex/config/ctex.cfg
File: ctex.cfg 2022/07/14 v2.5.10 Configuration file (CTEX)
) (d:/DApplication/texlive/2024/texmf-dist/tex/latex/graphics/graphicx.sty
Package: graphicx 2021/09/16 v1.2d Enhanced LaTeX Graphics (DPC,SPQR)
 (d:/DApplication/texlive/2024/texmf-dist/tex/latex/graphics/keyval.sty
Package: keyval 2022/05/29 v1.15 key=value parser (DPC)
\KV@toks@=\toks19
) (d:/DApplication/texlive/2024/texmf-dist/tex/latex/graphics/graphics.sty
Package: graphics 2022/03/10 v1.4e Standard LaTeX Graphics (DPC,SPQR)
 (d:/DApplication/texlive/2024/texmf-dist/tex/latex/graphics/trig.sty
Package: trig 2021/08/11 v1.11 sin cos tan (DPC)
) (d:/DApplication/texlive/2024/texmf-dist/tex/latex/graphics-cfg/graphics.cfg
File: graphics.cfg 2016/06/04 v1.11 sample graphics configuration
)
Package graphics Info: Driver file: pdftex.def on input line 107.
 (d:/DApplication/texlive/2024/texmf-dist/tex/latex/graphics-def/pdftex.def
File: pdftex.def 2022/09/22 v1.2b Graphics/color driver for pdftex
))
\Gin@req@height=\dimen144
\Gin@req@width=\dimen145
) (d:/DApplication/texlive/2024/texmf-dist/tex/latex/amsfonts/amsfonts.sty
Package: amsfonts 2013/01/14 v3.01 Basic AMSFonts support
\@emptytoks=\toks20
\symAMSa=\mathgroup4
\symAMSb=\mathgroup5
LaTeX Font Info:    Redeclaring math symbol \hbar on input line 98.
LaTeX Font Info:    Overwriting math alphabet `\mathfrak' in version `bold'
(Font)                  U/euf/m/n --> U/euf/b/n on input line 106.
) (d:/DApplication/texlive/2024/texmf-dist/tex/latex/amsmath/amsmath.sty
Package: amsmath 2023/05/13 v2.17o AMS math features
\@mathmargin=\skip52

For additional information on amsmath, use the `?' option.
(d:/DApplication/texlive/2024/texmf-dist/tex/latex/amsmath/amstext.sty
Package: amstext 2021/08/26 v2.01 AMS text
 (d:/DApplication/texlive/2024/texmf-dist/tex/latex/amsmath/amsgen.sty
File: amsgen.sty 1999/11/30 v2.0 generic functions
\@emptytoks=\toks21
\ex@=\dimen146
)) (d:/DApplication/texlive/2024/texmf-dist/tex/latex/amsmath/amsbsy.sty
Package: amsbsy 1999/11/29 v1.2d Bold Symbols
\pmbraise@=\dimen147
) (d:/DApplication/texlive/2024/texmf-dist/tex/latex/amsmath/amsopn.sty
Package: amsopn 2022/04/08 v2.04 operator names
)
\inf@bad=\count273
LaTeX Info: Redefining \frac on input line 234.
\uproot@=\count274
\leftroot@=\count275
LaTeX Info: Redefining \overline on input line 399.
LaTeX Info: Redefining \colon on input line 410.
\classnum@=\count276
\DOTSCASE@=\count277
LaTeX Info: Redefining \ldots on input line 496.
LaTeX Info: Redefining \dots on input line 499.
LaTeX Info: Redefining \cdots on input line 620.
\Mathstrutbox@=\box54
\strutbox@=\box55
LaTeX Info: Redefining \big on input line 722.
LaTeX Info: Redefining \Big on input line 723.
LaTeX Info: Redefining \bigg on input line 724.
LaTeX Info: Redefining \Bigg on input line 725.
\big@size=\dimen148
LaTeX Font Info:    Redeclaring font encoding OML on input line 743.
LaTeX Font Info:    Redeclaring font encoding OMS on input line 744.
\macc@depth=\count278
LaTeX Info: Redefining \bmod on input line 905.
LaTeX Info: Redefining \pmod on input line 910.
LaTeX Info: Redefining \smash on input line 940.
LaTeX Info: Redefining \relbar on input line 970.
LaTeX Info: Redefining \Relbar on input line 971.
\c@MaxMatrixCols=\count279
\dotsspace@=\muskip16
\c@parentequation=\count280
\dspbrk@lvl=\count281
\tag@help=\toks22
\row@=\count282
\column@=\count283
\maxfields@=\count284
\andhelp@=\toks23
\eqnshift@=\dimen149
\alignsep@=\dimen150
\tagshift@=\dimen151
\tagwidth@=\dimen152
\totwidth@=\dimen153
\lineht@=\dimen154
\@envbody=\toks24
\multlinegap=\skip53
\multlinetaggap=\skip54
\mathdisplay@stack=\toks25
LaTeX Info: Redefining \[ on input line 2953.
LaTeX Info: Redefining \] on input line 2954.
) (d:/DApplication/texlive/2024/texmf-dist/tex/latex/amsfonts/amssymb.sty
Package: amssymb 2013/01/14 v3.01 AMS font symbols
) (d:/DApplication/texlive/2024/texmf-dist/tex/latex/amscls/amsthm.sty
Package: amsthm 2020/05/29 v2.20.6
\thm@style=\toks26
\thm@bodyfont=\toks27
\thm@headfont=\toks28
\thm@notefont=\toks29
\thm@headpunct=\toks30
\thm@preskip=\skip55
\thm@postskip=\skip56
\thm@headsep=\skip57
\dth@everypar=\toks31
) (d:/DApplication/texlive/2024/texmf-dist/tex/latex/geometry/geometry.sty
Package: geometry 2020/01/02 v5.9 Page Geometry
 (d:/DApplication/texlive/2024/texmf-dist/tex/generic/iftex/ifvtex.sty
Package: ifvtex 2019/10/25 v1.7 ifvtex legacy package. Use iftex instead.
)
\Gm@cnth=\count285
\Gm@cntv=\count286
\c@Gm@tempcnt=\count287
\Gm@bindingoffset=\dimen155
\Gm@wd@mp=\dimen156
\Gm@odd@mp=\dimen157
\Gm@even@mp=\dimen158
\Gm@layoutwidth=\dimen159
\Gm@layoutheight=\dimen160
\Gm@layouthoffset=\dimen161
\Gm@layoutvoffset=\dimen162
\Gm@dimlist=\toks32
) (d:/DApplication/texlive/2024/texmf-dist/tex/latex/listings/listings.sty
\lst@mode=\count288
\lst@gtempboxa=\box56
\lst@token=\toks33
\lst@length=\count289
\lst@currlwidth=\dimen163
\lst@column=\count290
\lst@pos=\count291
\lst@lostspace=\dimen164
\lst@width=\dimen165
\lst@newlines=\count292
\lst@lineno=\count293
\lst@maxwidth=\dimen166
 (d:/DApplication/texlive/2024/texmf-dist/tex/latex/listings/lstpatch.sty
File: lstpatch.sty 2024/02/21 1.10 (Carsten Heinz)
) (d:/DApplication/texlive/2024/texmf-dist/tex/latex/listings/lstmisc.sty
File: lstmisc.sty 2024/02/21 1.10 (Carsten Heinz)
\c@lstnumber=\count294
\lst@skipnumbers=\count295
\lst@framebox=\box57
) (d:/DApplication/texlive/2024/texmf-dist/tex/latex/listings/listings.cfg
File: listings.cfg 2024/02/21 1.10 listings configuration
))
Package: listings 2024/02/21 1.10 (Carsten Heinz)
 (d:/DApplication/texlive/2024/texmf-dist/tex/latex/graphics/color.sty
Package: color 2022/01/06 v1.3d Standard LaTeX Color (DPC)
 (d:/DApplication/texlive/2024/texmf-dist/tex/latex/graphics-cfg/color.cfg
File: color.cfg 2016/01/02 v1.6 sample color configuration
)
Package color Info: Driver file: pdftex.def on input line 149.
 (d:/DApplication/texlive/2024/texmf-dist/tex/latex/graphics/mathcolor.ltx)) (d:/DApplication/texlive/2024/texmf-dist/tex/latex/xcolor/xcolor.sty
Package: xcolor 2023/11/15 v3.01 LaTeX color extensions (UK)
 (d:/DApplication/texlive/2024/texmf-dist/tex/latex/graphics-cfg/color.cfg
File: color.cfg 2016/01/02 v1.6 sample color configuration
)
Package xcolor Info: Driver file: pdftex.def on input line 274.
LaTeX Info: Redefining \color on input line 758.
 (d:/DApplication/texlive/2024/texmf-dist/tex/latex/graphics/mathcolor.ltx)
Package xcolor Info: Model `cmy' substituted by `cmy0' on input line 1350.
Package xcolor Info: Model `hsb' substituted by `rgb' on input line 1354.
Package xcolor Info: Model `RGB' extended on input line 1366.
Package xcolor Info: Model `HTML' substituted by `rgb' on input line 1368.
Package xcolor Info: Model `Hsb' substituted by `hsb' on input line 1369.
Package xcolor Info: Model `tHsb' substituted by `hsb' on input line 1370.
Package xcolor Info: Model `HSB' substituted by `hsb' on input line 1371.
Package xcolor Info: Model `Gray' substituted by `gray' on input line 1372.
Package xcolor Info: Model `wave' substituted by `hsb' on input line 1373.
) (d:/DApplication/texlive/2024/texmf-dist/tex/latex/graphics/dvipsnam.def
File: dvipsnam.def 2016/06/17 v3.0m Driver-dependent file (DPC,SPQR)
) (d:/DApplication/texlive/2024/texmf-dist/tex/latex/tools/verbatim.sty
Package: verbatim 2023-11-06 v1.5v LaTeX2e package for verbatim enhancements
\every@verbatim=\toks34
\verbatim@line=\toks35
\verbatim@in@stream=\read2
) (d:/DApplication/texlive/2024/texmf-dist/tex/latex/tools/enumerate.sty
Package: enumerate 2023/07/04 v3.00 enumerate extensions (DPC)
\@enLab=\toks36
) (d:/DApplication/texlive/2024/texmf-dist/tex/latex/cjk/texinput/UTF8/UTF8.enc
File: UTF8.enc 2021/10/16 4.8.5
) (d:/DApplication/texlive/2024/texmf-dist/tex/latex/cjk/texinput/UTF8/UTF8.chr
File: UTF8.chr 2021/10/16 4.8.5
) (./main.aux)
\openout1 = `main.aux'.

LaTeX Font Info:    Checking defaults for OML/cmm/m/it on input line 64.
LaTeX Font Info:    ... okay on input line 64.
LaTeX Font Info:    Checking defaults for OMS/cmsy/m/n on input line 64.
LaTeX Font Info:    ... okay on input line 64.
LaTeX Font Info:    Checking defaults for OT1/cmr/m/n on input line 64.
LaTeX Font Info:    ... okay on input line 64.
LaTeX Font Info:    Checking defaults for T1/cmr/m/n on input line 64.
LaTeX Font Info:    ... okay on input line 64.
LaTeX Font Info:    Checking defaults for TS1/cmr/m/n on input line 64.
LaTeX Font Info:    ... okay on input line 64.
LaTeX Font Info:    Checking defaults for OMX/cmex/m/n on input line 64.
LaTeX Font Info:    ... okay on input line 64.
LaTeX Font Info:    Checking defaults for U/cmr/m/n on input line 64.
LaTeX Font Info:    ... okay on input line 64.
LaTeX Font Info:    Checking defaults for C00/song/m/n on input line 64.
LaTeX Font Info:    ... okay on input line 64.
LaTeX Font Info:    Checking defaults for C05/song/m/n on input line 64.
LaTeX Font Info:    ... okay on input line 64.
LaTeX Font Info:    Checking defaults for C09/song/m/n on input line 64.
LaTeX Font Info:    ... okay on input line 64.
LaTeX Font Info:    Checking defaults for C10/song/m/n on input line 64.
LaTeX Font Info:    ... okay on input line 64.
LaTeX Font Info:    Checking defaults for C20/song/m/n on input line 64.
LaTeX Font Info:    ... okay on input line 64.
LaTeX Font Info:    Checking defaults for C19/song/m/n on input line 64.
LaTeX Font Info:    ... okay on input line 64.
LaTeX Font Info:    Checking defaults for C40/song/m/n on input line 64.
LaTeX Font Info:    ... okay on input line 64.
LaTeX Font Info:    Checking defaults for C42/song/m/n on input line 64.
LaTeX Font Info:    ... okay on input line 64.
LaTeX Font Info:    Checking defaults for C43/song/m/n on input line 64.
LaTeX Font Info:    ... okay on input line 64.
LaTeX Font Info:    Checking defaults for C50/song/m/n on input line 64.
LaTeX Font Info:    ... okay on input line 64.
LaTeX Font Info:    Checking defaults for C52/song/m/n on input line 64.
LaTeX Font Info:    ... okay on input line 64.
LaTeX Font Info:    Checking defaults for C49/song/m/n on input line 64.
LaTeX Font Info:    ... okay on input line 64.
LaTeX Font Info:    Checking defaults for C60/mj/m/n on input line 64.
LaTeX Font Info:    ... okay on input line 64.
LaTeX Font Info:    Checking defaults for C61/mj/m/n on input line 64.
LaTeX Font Info:    ... okay on input line 64.
LaTeX Font Info:    Checking defaults for C63/mj/m/n on input line 64.
LaTeX Font Info:    ... okay on input line 64.
LaTeX Font Info:    Checking defaults for C64/mj/m/n on input line 64.
LaTeX Font Info:    ... okay on input line 64.
LaTeX Font Info:    Checking defaults for C65/mj/m/n on input line 64.
LaTeX Font Info:    ... okay on input line 64.
LaTeX Font Info:    Checking defaults for C70/song/m/n on input line 64.
LaTeX Font Info:    ... okay on input line 64.
LaTeX Font Info:    Checking defaults for C31/song/m/n on input line 64.
LaTeX Font Info:    ... okay on input line 64.
LaTeX Font Info:    Checking defaults for C32/song/m/n on input line 64.
LaTeX Font Info:    ... okay on input line 64.
LaTeX Font Info:    Checking defaults for C33/song/m/n on input line 64.
LaTeX Font Info:    ... okay on input line 64.
LaTeX Font Info:    Checking defaults for C34/song/m/n on input line 64.
LaTeX Font Info:    ... okay on input line 64.
LaTeX Font Info:    Checking defaults for C35/song/m/n on input line 64.
LaTeX Font Info:    ... okay on input line 64.
LaTeX Font Info:    Checking defaults for C36/song/m/n on input line 64.
LaTeX Font Info:    ... okay on input line 64.
LaTeX Font Info:    Checking defaults for C37/song/m/n on input line 64.
LaTeX Font Info:    ... okay on input line 64.
LaTeX Font Info:    Checking defaults for C80/song/m/n on input line 64.
LaTeX Font Info:    ... okay on input line 64.
LaTeX Font Info:    Checking defaults for C81/song/m/n on input line 64.
LaTeX Font Info:    ... okay on input line 64.
LaTeX Font Info:    Checking defaults for C01/song/m/n on input line 64.
LaTeX Font Info:    ... okay on input line 64.
LaTeX Font Info:    Checking defaults for C11/song/m/n on input line 64.
LaTeX Font Info:    ... okay on input line 64.
LaTeX Font Info:    Checking defaults for C21/song/m/n on input line 64.
LaTeX Font Info:    ... okay on input line 64.
LaTeX Font Info:    Checking defaults for C41/song/m/n on input line 64.
LaTeX Font Info:    ... okay on input line 64.
LaTeX Font Info:    Checking defaults for C62/song/m/n on input line 64.
LaTeX Font Info:    ... okay on input line 64.
 (d:/DApplication/texlive/2024/texmf-dist/tex/context/base/mkii/supp-pdf.mkii
[Loading MPS to PDF converter (version 2006.09.02).]
\scratchcounter=\count296
\scratchdimen=\dimen167
\scratchbox=\box58
\nofMPsegments=\count297
\nofMParguments=\count298
\everyMPshowfont=\toks37
\MPscratchCnt=\count299
\MPscratchDim=\dimen168
\MPnumerator=\count300
\makeMPintoPDFobject=\count301
\everyMPtoPDFconversion=\toks38
) (d:/DApplication/texlive/2024/texmf-dist/tex/latex/epstopdf-pkg/epstopdf-base.sty
Package: epstopdf-base 2020-01-24 v2.11 Base part for package epstopdf
Package epstopdf-base Info: Redefining graphics rule for `.eps' on input line 485.
 (d:/DApplication/texlive/2024/texmf-dist/tex/latex/latexconfig/epstopdf-sys.cfg
File: epstopdf-sys.cfg 2010/07/13 v1.3 Configuration of (r)epstopdf for TeX Live
))
*geometry* driver: auto-detecting
*geometry* detected driver: pdftex
*geometry* verbose mode - [ preamble ] result:
* driver: pdftex
* paper: a4paper
* layout: <same size as paper>
* layoutoffset:(h,v)=(0.0pt,0.0pt)
* modes: 
* h-part:(L,W,R)=(85.35826pt, 441.01773pt, 71.13188pt)
* v-part:(T,H,B)=(71.13188pt, 717.00946pt, 56.9055pt)
* \paperwidth=597.50787pt
* \paperheight=845.04684pt
* \textwidth=441.01773pt
* \textheight=717.00946pt
* \oddsidemargin=13.08827pt
* \evensidemargin=13.08827pt
* \topmargin=-38.1381pt
* \headheight=12.0pt
* \headsep=25.0pt
* \topskip=10.0pt
* \footskip=30.0pt
* \marginparwidth=65.0pt
* \marginparsep=11.0pt
* \columnsep=10.0pt
* \skip\footins=9.0pt plus 4.0pt minus 2.0pt
* \hoffset=0.0pt
* \voffset=0.0pt
* \mag=1000
* \@twocolumnfalse
* \@twosidefalse
* \@mparswitchfalse
* \@reversemarginfalse
* (1in=72.27pt=25.4mm, 1cm=28.453pt)

\c@lstlisting=\count302
LaTeX Font Info:    Trying to load font information for C70+rm on input line 66.
(d:/DApplication/texlive/2024/texmf-dist/tex/latex/ctex/fd/c70rm.fd
File: c70rm.fd 2022/07/14 v2.5.10 Chinese font definition (CTEX)
)
LaTeX Font Info:    Trying to load font information for U+msa on input line 66.
 (d:/DApplication/texlive/2024/texmf-dist/tex/latex/amsfonts/umsa.fd
File: umsa.fd 2013/01/14 v3.01 AMS symbols A
)
LaTeX Font Info:    Trying to load font information for U+msb on input line 66.
 (d:/DApplication/texlive/2024/texmf-dist/tex/latex/amsfonts/umsb.fd
File: umsb.fd 2013/01/14 v3.01 AMS symbols B
)
LaTeX Font Info:    Trying to load font information for C70+zhsong on input line 67.
 (d:/DApplication/texlive/2024/texmf-dist/tex/latex/zhmetrics/c70zhsong.fd
File: c70zhsong.fd 2009/09/23 4.8.2
) (./main.toc (d:/DApplication/texlive/2024/texmf-dist/tex/generic/ctex/zhmap/ctex-zhmap-windows.tex
File: ctex-zhmap-windows.tex 2022/07/14 v2.5.10 Windows font map loader for pdfTeX and DVIPDFMx (CTEX)
{d:/DApplication/texlive/2024/texmf-var/fonts/map/pdftex/updmap/pdftex.map}{UGBK.sfd}{Unicode.sfd}) [1

] [2])
\tf@toc=\write3
\openout3 = `main.toc'.

 [3] (./nn1.tex
LaTeX Font Info:    Trying to load font information for C70+zhkai on input line 2.
 (d:/DApplication/texlive/2024/texmf-dist/tex/latex/zhmetrics/c70zhkai.fd
File: c70zhkai.fd 2009/09/23 4.8.2
)
LaTeX Font Info:    Font shape `OT1/cmtt/bx/n' in size <12.045> not available
(Font)              Font shape `OT1/cmtt/m/n' tried instead on input line 3.
LaTeX Font Info:    Trying to load font information for C70+zhfs on input line 3.
 (d:/DApplication/texlive/2024/texmf-dist/tex/latex/zhmetrics/c70zhfs.fd
File: c70zhfs.fd 2009/09/23 4.8.2
)
Package CJKpunct Info: use punctuation spaces for family 'rm' with punctstyle (quanjiao) on input line 4.
 [4{d:/DApplication/texlive/2024/texmf-dist/fonts/enc/dvips/cm-super/cm-super-ts1.enc}] [5] [6] [7] [8] [9] [10]
Overfull \hbox (2.18034pt too wide) in paragraph at lines 379--380
[]\C70/rm/m/n/10.53937/59 Ç \C70/rm/m/n/10.53937/67 ú \C70/rm/m/n/10.53937/65 π \C70/rm/m/n/10.53937/7a  \C70/rm/m/n/10.53937/4e - \C70/rm/m/n/10.53937/67 	 \C70/rm/m/n/10.53937/59 ^^Z \C70/rm/m/n/10.53937/4e * \C70/rm/m/n/10.53937/53 ÿ \C70/rm/m/n/10.53937/91 œ|\C70/rm/m/n/10.53937/ff ^^L| \C70/rm/m/n/10.53937/53 Ô \C70/rm/m/n/10.53937/4e Â \C70/rm/m/n/10.53937/5c ^^F \C70/rm/m/n/10.53937/51 v \C70/rm/m/n/10.53937/4e - ^^@ * \C70/rm/m/n/10.53937/77  \C70/rm/m/n/10.53937/62 ^^P \C70/rm/m/n/10.53937/51 v \C70/rm/m/n/10.53937/4e ÷ \C70/rm/m/n/10.53937/8b ∏ \C70/rm/m/n/10.53937/59 ^^Z \C70/rm/m/n/10.53937/4e * \C70/rm/m/n/10.53937/53 ÿ \C70/rm/m/n/10.53937/91 œ \C70/rm/m/n/10.53937/76 Ñ \C70/rm/m/n/10.53937/51 ˝ \C70/rm/m/n/10.53937/65 p|\C70/rm/m/n/10.53937/ff ^^L| \C70/rm/m/n/10.53937/8b æ \C70/rm/m/n/10.53937/59 ^^Z \C70/rm/m/n/10.53937/51 C ˝ \C70/rm/m/n/10.53937/65 p $\OML/cmm/m/it/10.53937 F\OT1/cmr/m/n/10.53937 (\OML/cmm/m/it/10.53937 x; y\OT1/cmr/m/n/10.53937 ) :
 []

[11] [12] [13] [14] [15] [16] [17] [18] [19]) (./nn2.tex [20] [21] [22] [23] [24] [25] [26]
Overfull \hbox (4.69086pt too wide) in paragraph at lines 336--337
[]\C70/rm/m/n/10.53937/66 Ú \C70/rm/m/n/10.53937/97 b b \C70/rm/m/n/10.53937/79 Ô \C70/rm/m/n/10.53937/76 Ñ \C70/rm/m/n/10.53937/51 ‡ \C70/rm/m/n/10.53937/4f U \C70/rm/m/n/10.53937/89 „ \C70/rm/m/n/10.53937/91  |\C70/rm/m/n/10.53937/ff ^^L| \C70/rm/m/n/10.53937/6c B \C70/rm/m/n/10.53937/66 Ú \C70/rm/m/n/10.53937/97 b b \C70/rm/m/n/10.53937/79 Ô \C70/rm/m/n/10.53937/65 ˆ \C70/rm/m/n/10.53937/59 Ç \C70/rm/m/n/10.53937/67 ú \C70/rm/m/n/10.53937/77 Â \C70/rm/m/n/10.53937/90 S \C70/rm/m/n/10.53937/76 Ñ \C70/rm/m/n/10.53937/66 / Ú \C70/rm/m/n/10.53937/97 b \C70/rm/m/n/10.53937/76 Ñ \C70/rm/m/n/10.53937/4e ^^@ \C70/rm/m/n/10.53937/82 , \C70/rm/m/n/10.53937/5f b ^^O|\C70/rm/m/n/10.53937/ff ^^L| \C70/rm/m/n/10.53937/5f ó \C70/rm/m/n/10.53937/51 ˙ \C70/rm/m/n/10.53937/76 Ñ \C70/rm/m/n/10.53937/51 l \C70/rm/m/n/10.53937/5f ^^O \C70/rm/m/n/10.53937/4e - \C70/rm/m/n/10.53937/67 	 $[]$\C70/rm/m/n/10.53937/8f Ÿ
 []

[27] [28]) (./nn3.tex
Overfull \hbox (14.59972pt too wide) in paragraph at lines 22--23
[]\C70/rm/m/n/10.53937/4e ^^@ \C70/rm/m/n/10.53937/82 , \C70/rm/m/n/10.53937/5c ^^F \C70/rm/m/n/10.53937/4e å \C70/rm/m/n/10.53937/7e Ù \C70/rm/m/n/10.53937/4e - \C70/rm/m/n/10.53937/76 Ñ \C70/rm/m/n/10.53937/53 U \C70/rm/m/n/10.53937/4f M \C70/rm/m/n/10.53937/54 ^^Q \C70/rm/m/n/10.53937/91 œ \C70/rm/m/n/10.53937/8b ∞ \C70/rm/m/n/10.53937/4f \ $\OT1/cmr/m/n/10.53937 ([] \OML/cmm/m/it/10.53937 ; [] ^^L\OT1/cmr/m/n/10.53937 )$|\C70/rm/m/n/10.53937/ff ^^L| \C70/rm/m/n/10.53937/5c ^^F \C70/rm/m/n/10.53937/4e 	 \C70/rm/m/n/10.53937/7e Ù \C70/rm/m/n/10.53937/7a z \C70/rm/m/n/10.53937/95 Ù \C70/rm/m/n/10.53937/4e - \C70/rm/m/n/10.53937/76 Ñ \C70/rm/m/n/10.53937/53 U \C70/rm/m/n/10.53937/4f M \C70/rm/m/n/10.53937/54 ^^Q \C70/rm/m/n/10.53937/91 œ \C70/rm/m/n/10.53937/8b ∞ \C70/rm/m/n/10.53937/4f \ $\OT1/cmr/m/n/10.53937 ([] \OML/cmm/m/it/10.53937 ; [] ^^L; [] ^^M\OT1/cmr/m/n/10.53937 )$ 
 []

[29] [30]
Overfull \hbox (7.56273pt too wide) in paragraph at lines 118--119
[]\C70/rm/m/n/10.53937/8b ° \C70/rm/m/n/10.53937/7b ó $[][] \OML/cmm/m/it/10.53937 y[]\OT1/cmr/m/n/10.53937 d\OML/cmm/m/it/10.53937 x$|\C70/rm/m/n/10.53937/ff ^^L| \C70/rm/m/n/10.53937/51 v \C70/rm/m/n/10.53937/4e - $\OML/cmm/m/it/10.53937 L$\C70/rm/m/n/10.53937/4e :\OT1/cmr/m/n/10.53937 (1) \C70/rm/m/n/10.53937/4e Œ $\OML/cmm/m/it/10.53937 A\OT1/cmr/m/n/10.53937 (\OML/cmm/m/it/10.53937 a; \OT1/cmr/m/n/10.53937 0)$\C70/rm/m/n/10.53937/52 0 $\OML/cmm/m/it/10.53937 B\OT1/cmr/m/n/10.53937 (\OMS/cmsy/m/n/10.53937 ^^@\OML/cmm/m/it/10.53937 a; \OT1/cmr/m/n/10.53937 0)$\C70/rm/m/n/10.53937/76 Ñ \C70/rm/m/n/10.53937/53 U \C70/rm/m/n/10.53937/4f M \C70/rm/m/n/10.53937/57 ^^F \C70/rm/m/n/10.53937/4e 
 \C70/rm/m/n/10.53937/53 J \C70/rm/m/n/10.53937/57 ^^F\OT1/cmr/m/n/10.53937 ; (2)\C70/rm/m/n/10.53937/4e Œ $\OML/cmm/m/it/10.53937 A\OT1/cmr/m/n/10.53937 (\OML/cmm/m/it/10.53937 a; \OT1/cmr/m/n/10.53937 0)$\C70/rm/m/n/10.53937/52 0 $\OML/cmm/m/it/10.53937 B\OT1/cmr/m/n/10.53937 (\OMS/cmsy/m/n/10.53937 ^^@\OML/cmm/m/it/10.53937 a; \OT1/cmr/m/n/10.53937 0)$\C70/rm/m/n/10.53937/76 Ñ
 []


Overfull \hbox (21.47484pt too wide) in paragraph at lines 130--131
[]$[][] \OML/cmm/m/it/10.53937 x[]yz\OT1/cmr/m/n/10.53937 d\OML/cmm/m/it/10.53937 s$|\C70/rm/m/n/10.53937/ff ^^L| \C70/rm/m/n/10.53937/51 v \C70/rm/m/n/10.53937/4e - $\OT1/cmr/m/n/10.53937 ^^@$\C70/rm/m/n/10.53937/4e : \C70/rm/m/n/10.53937/62 ò \C70/rm/m/n/10.53937/7e ø \OT1/cmr/m/n/10.53937 ABCD|\C70/rm/m/n/10.53937/ff ^^L| \C70/rm/m/n/10.53937/8f Ÿ \C70/rm/m/n/10.53937/91 Ã \OT1/cmr/m/n/10.53937 A,B,C,D\C70/rm/m/n/10.53937/4f ù \C70/rm/m/n/10.53937/6b ! \C70/rm/m/n/10.53937/4e : \C70/rm/m/n/10.53937/70 π $\OT1/cmr/m/n/10.53937 (0\OML/cmm/m/it/10.53937 ; \OT1/cmr/m/n/10.53937 0\OML/cmm/m/it/10.53937 ; \OT1/cmr/m/n/10.53937 0)\OML/cmm/m/it/10.53937 ; \OT1/cmr/m/n/10.53937 (0\OML/cmm/m/it/10.53937 ; \OT1/cmr/m/n/10.53937 0\OML/cmm/m/it/10.53937 ; \OT1/cmr/m/n/10.53937 2)\OML/cmm/m/it/10.53937 ; \OT1/cmr/m/n/10.53937 (1\OML/cmm/m/it/10.53937 ; \OT1/cmr/m/n/10.53937 0\OML/cmm/m/it/10.53937 ; \OT1/cmr/m/n/10.53937 2)\OML/cmm/m/it/10.53937 ; \OT1/cmr/m/n/10.53937 (1\OML/cmm/m/it/10.53937 ; \OT1/cmr/m/n/10.53937 3\OML/cmm/m/it/10.53937 ; \OT1/cmr/m/n/10.53937 2)$|\C70/rm/m/n/10.53937/30 ^^B|
 []


Underfull \hbox (badness 10000) in paragraph at lines 130--131

 []

[31]
Overfull \hbox (25.2068pt too wide) in paragraph at lines 148--149
[]$[][] \OT1/cmr/m/n/10.53937 d\OML/cmm/m/it/10.53937 x \OMS/cmsy/m/n/10.53937 ^^@ \OT1/cmr/m/n/10.53937 d\OML/cmm/m/it/10.53937 y \OT1/cmr/m/n/10.53937 + \OML/cmm/m/it/10.53937 y\OT1/cmr/m/n/10.53937 d\OML/cmm/m/it/10.53937 z$|\C70/rm/m/n/10.53937/ff ^^L| \C70/rm/m/n/10.53937/51 v \C70/rm/m/n/10.53937/4e - $\OT1/cmr/m/n/10.53937 ^^@$\C70/rm/m/n/10.53937/4e : \C70/rm/m/n/10.53937/67 	 \C70/rm/m/n/10.53937/54 ^^Q \C70/rm/m/n/10.53937/95 Ì \C70/rm/m/n/10.53937/62 ò \C70/rm/m/n/10.53937/7e ø\OT1/cmr/m/n/10.53937 ABCA|\C70/rm/m/n/10.53937/ff ^^L| \C70/rm/m/n/10.53937/8f Ÿ \C70/rm/m/n/10.53937/91 Ã \C70/rm/m/n/10.53937/76 Ñ\OT1/cmr/m/n/10.53937 A,B,C\C70/rm/m/n/10.53937/4f ù \C70/rm/m/n/10.53937/6b ! \C70/rm/m/n/10.53937/4e : $\OT1/cmr/m/n/10.53937 (1\OML/cmm/m/it/10.53937 ; \OT1/cmr/m/n/10.53937 0\OML/cmm/m/it/10.53937 ; \OT1/cmr/m/n/10.53937 0)\OML/cmm/m/it/10.53937 ; \OT1/cmr/m/n/10.53937 (0\OML/cmm/m/it/10.53937 ; \OT1/cmr/m/n/10.53937 1\OML/cmm/m/it/10.53937 ; \OT1/cmr/m/n/10.53937 0)\OML/cmm/m/it/10.53937 ; \OT1/cmr/m/n/10.53937 (0\OML/cmm/m/it/10.53937 ; \OT1/cmr/m/n/10.53937 0\OML/cmm/m/it/10.53937 ; \OT1/cmr/m/n/10.53937 1)$|\C70/rm/m/n/10.53937/30 ^^B|
 []


Underfull \hbox (badness 10000) in paragraph at lines 148--149

 []

[32]
Overfull \hbox (2.84897pt too wide) in paragraph at lines 216--218
\C70/rm/m/n/10.53937/8f Ÿ \C70/rm/m/n/10.53937/4e * \C70/rm/m/n/10.53937/5b ö \C70/rm/m/n/10.53937/74 ^^F \C70/rm/m/n/10.53937/76 Ñ \C70/rm/m/n/10.53937/5f ≈ \C70/rm/m/n/10.53937/89 Å \C70/rm/m/n/10.53937/60 ' \C70/rm/m/n/10.53937/8b ¡ \C70/rm/m/n/10.53937/66 ^^N \C70/rm/m/n/10.53937/53 Í \C70/rm/m/n/10.53937/89 Å \C70/rm/m/n/10.53937/62 ^^Q \C70/rm/m/n/10.53937/4e Ï \C70/rm/m/n/10.53937/5c ^^F \C70/rm/m/n/10.53937/52 M \C70/rm/m/n/10.53937/97 b \C70/rm/m/n/10.53937/76 Ñ \C70/rm/m/n/10.53937/60 ^^] \C70/rm/m/n/10.53937/8d Ô \C70/rm/m/n/10.53937/50 ^^R \C70/rm/m/n/10.53937/8f « \C70/rm/m/n/10.53937/67 e \C70/rm/m/n/10.53937/53 Ÿ \C70/rm/m/n/10.53937/8f  \C70/rm/m/n/10.53937/4e ^^@ \C70/rm/m/n/10.53937/90 M \C70/rm/m/n/10.53937/53 s Ô|\C70/rm/m/n/10.53937/ff ^^L| \C70/rm/m/n/10.53937/51 E \C70/rm/m/n/10.53937/52 ^^F \C70/rm/m/n/10.53937/60 ' \C70/rm/m/n/10.53937/53 Ô \C70/rm/m/n/10.53937/4e Â \C70/rm/m/n/10.53937/4f ^^? \C70/rm/m/n/10.53937/75 ( \OT1/cmr/m/n/10.53937 Green
 []

[33] [34]
Overfull \hbox (41.34203pt too wide) detected at line 307
[][] \OML/cmm/m/it/10.53937 fdS \OT1/cmr/m/n/10.53937 = [][] \OML/cmm/m/it/10.53937 f\OT1/cmr/m/n/10.53937 (\OML/cmm/m/it/10.53937 x; y; z\OT1/cmr/m/n/10.53937 (\OML/cmm/m/it/10.53937 x; y\OT1/cmr/m/n/10.53937 ))[]\OML/cmm/m/it/10.53937 dxdy \OT1/cmr/m/n/10.53937 = [][] \OML/cmm/m/it/10.53937 f\OT1/cmr/m/n/10.53937 (\OML/cmm/m/it/10.53937 x; y; z\OT1/cmr/m/n/10.53937 (\OML/cmm/m/it/10.53937 x; y\OT1/cmr/m/n/10.53937 ))[]\OML/cmm/m/it/10.53937 dydz \OT1/cmr/m/n/10.53937 = [][] \OML/cmm/m/it/10.53937 f\OT1/cmr/m/n/10.53937 (\OML/cmm/m/it/10.53937 x; y; z\OT1/cmr/m/n/10.53937 (\OML/cmm/m/it/10.53937 x; y\OT1/cmr/m/n/10.53937 ))[]\OML/cmm/m/it/10.53937 dzdx
 []

[35]
Overfull \hbox (35.75642pt too wide) in paragraph at lines 342--343
[]\C70/rm/m/n/10.53937/8b ° \C70/rm/m/n/10.53937/7b ó \C70/rm/m/n/10.53937/54 ^^Q \C70/rm/m/n/10.53937/91 œ \C70/rm/m/n/10.53937/57 : $\OT1/cmr/bx/n/10.53937 F \OT1/cmr/m/n/10.53937 = (\OMS/cmsy/m/n/10.53937 ^^@\OML/cmm/m/it/10.53937 y; x; \OT1/cmr/m/n/10.53937 9)$\C70/rm/m/n/10.53937/90 ^^Z \C70/rm/m/n/10.53937/8f « \C70/rm/m/n/10.53937/66 Ú \C70/rm/m/n/10.53937/97 b $\OML/cmm/m/it/10.53937 S$ \C70/rm/m/n/10.53937/76 Ñ \C70/rm/m/n/10.53937/90 ^^Z \C70/rm/m/n/10.53937/91 œ|\C70/rm/m/n/10.53937/ff ^^L| \C70/rm/m/n/10.53937/51 v \C70/rm/m/n/10.53937/4e - $\OML/cmm/m/it/10.53937 S$\C70/rm/m/n/10.53937/4e : \C70/rm/m/n/10.53937/5b ö \C70/rm/m/n/10.53937/54 ^^Q \C70/rm/m/n/10.53937/67 ^^] \C70/rm/m/n/10.53937/4e 
 \C70/rm/m/n/10.53937/76 Ñ \C70/rm/m/n/10.53937/74 ^^C \C70/rm/m/n/10.53937/51 †|\C70/rm/m/n/10.53937/ff ^^L| $\OML/cmm/m/it/10.53937 z \OT1/cmr/m/n/10.53937 = []\OML/cmm/m/it/10.53937 ;  \OT1/cmr/m/n/10.53937 0 \OMS/cmsy/m/n/10.53937 ^^T
 []

[36]
Overfull \hbox (30.98723pt too wide) detected at line 414
[]
 []

[37]
Overfull \hbox (7.04565pt too wide) in paragraph at lines 465--466
[]$[] \OML/cmm/m/it/10.53937 xz[]dydz \OT1/cmr/m/n/10.53937 + (\OML/cmm/m/it/10.53937 x[]y \OMS/cmsy/m/n/10.53937 ^^@ \OML/cmm/m/it/10.53937 z[]\OT1/cmr/m/n/10.53937 )\OML/cmm/m/it/10.53937 dzdx \OT1/cmr/m/n/10.53937 + (2\OML/cmm/m/it/10.53937 xy \OT1/cmr/m/n/10.53937 + \OML/cmm/m/it/10.53937 y[]z\OT1/cmr/m/n/10.53937 )\OML/cmm/m/it/10.53937 dxdy$|\C70/rm/m/n/10.53937/ff ^^L| \C70/rm/m/n/10.53937/51 v \C70/rm/m/n/10.53937/4e - $\OT1/cmr/m/n/10.53937 ^^F$\C70/rm/m/n/10.53937/4e : 
 \C70/rm/m/n/10.53937/53 J \C70/rm/m/n/10.53937/74 ^^C \C70/rm/m/n/10.53937/4f S $\OT1/cmr/m/n/10.53937 0 \OMS/cmsy/m/n/10.53937 ^^T \OML/cmm/m/it/10.53937 z \OMS/cmsy/m/n/10.53937 ^^T []$|\C70/rm/m/n/10.53937/ff ^^L|
 []

[38]) (./homework.tex
Overfull \hbox (1.01295pt too wide) detected at line 13
[]
 []

[39] [40] [41] [42]) [43] (./main.aux)
 ***********
LaTeX2e <2023-11-01> patch level 1
L3 programming layer <2022/07/14>
 ***********
 ) 
Here is how much of TeX's memory you used:
 11089 strings out of 474116
 198973 string characters out of 5741178
 1963190 words of memory out of 5000000
 32881 multiletter control sequences out of 15000+600000
 629504 words of font info for 298 fonts, out of 8000000 for 9000
 1141 hyphenation exceptions out of 8191
 80i,10n,83p,1253b,371s stack positions out of 10000i,1000n,20000p,200000b,200000s
<c:/Windows/Fonts/simsun.ttc><c:/Windows/Fonts/simsun.ttc><c:/Windows/Fonts/simsun.ttc><c:/Windows/Fonts/simsun.ttc><c:/Windows/Fonts/simsun.ttc><c:/Windows/Fonts/simkai.ttf><c:/Windows/Fonts/simkai.ttf><c:/Windows/Fonts/simsun.ttc><c:/Windows/Fonts/simkai.ttf><c:/Windows/Fonts/simsun.ttc><c:/Windows/Fonts/simkai.ttf><c:/Windows/Fonts/simsun.ttc><c:/Windows/Fonts/simsun.ttc><c:/Windows/Fonts/simsun.ttc><c:/Windows/Fonts/simkai.ttf><c:/Windows/Fonts/simkai.ttf><c:/Windows/Fonts/simkai.ttf><c:/Windows/Fonts/simkai.ttf><c:/Windows/Fonts/simsun.ttc><c:/Windows/Fonts/simkai.ttf><c:/Windows/Fonts/simsun.ttc><c:/Windows/Fonts/simkai.ttf><c:/Windows/Fonts/simkai.ttf><c:/Windows/Fonts/simsun.ttc><c:/Windows/Fonts/simsun.ttc><c:/Windows/Fonts/simsun.ttc><c:/Windows/Fonts/simkai.ttf><c:/Windows/Fonts/simkai.ttf><c:/Windows/Fonts/simkai.ttf><c:/Windows/Fonts/simkai.ttf><c:/Windows/Fonts/simkai.ttf><c:/Windows/Fonts/simkai.ttf><c:/Windows/Fonts/simkai.ttf><c:/Windows/Fonts/simkai.ttf><c:/Windows/Fonts/simkai.ttf><c:/Windows/Fonts/simkai.ttf><c:/Windows/Fonts/simsun.ttc><c:/Windows/Fonts/simsun.ttc><c:/Windows/Fonts/simsun.ttc><c:/Windows/Fonts/simkai.ttf><c:/Windows/Fonts/simkai.ttf><c:/Windows/Fonts/simsun.ttc><c:/Windows/Fonts/simsun.ttc><c:/Windows/Fonts/simkai.ttf><c:/Windows/Fonts/simkai.ttf><c:/Windows/Fonts/simkai.ttf><c:/Windows/Fonts/simkai.ttf><c:/Windows/Fonts/simsun.ttc><c:/Windows/Fonts/simsun.ttc><c:/Windows/Fonts/simfang.ttf><c:/Windows/Fonts/simfang.ttf><c:/Windows/Fonts/simfang.ttf><c:/Windows/Fonts/simfang.ttf><c:/Windows/Fonts/simfang.ttf><c:/Windows/Fonts/simfang.ttf><c:/Windows/Fonts/simfang.ttf><c:/Windows/Fonts/simsun.ttc><c:/Windows/Fonts/simsun.ttc><c:/Windows/Fonts/simsun.ttc><c:/Windows/Fonts/simsun.ttc><c:/Windows/Fonts/simsun.ttc><c:/Windows/Fonts/simsun.ttc><c:/Windows/Fonts/simsun.ttc><c:/Windows/Fonts/simsun.ttc><c:/Windows/Fonts/simsun.ttc><c:/Windows/Fonts/simsun.ttc><c:/Windows/Fonts/simsun.ttc><c:/Windows/Fonts/simsun.ttc><c:/Windows/Fonts/simsun.ttc><c:/Windows/Fonts/simsun.ttc><c:/Windows/Fonts/simsun.ttc><c:/Windows/Fonts/simsun.ttc><c:/Windows/Fonts/simsun.ttc><c:/Windows/Fonts/simsun.ttc><c:/Windows/Fonts/simsun.ttc><c:/Windows/Fonts/simsun.ttc><c:/Windows/Fonts/simsun.ttc><c:/Windows/Fonts/simsun.ttc><c:/Windows/Fonts/simfang.ttf><c:/Windows/Fonts/simfang.ttf><c:/Windows/Fonts/simfang.ttf><c:/Windows/Fonts/simfang.ttf><c:/Windows/Fonts/simkai.ttf><c:/Windows/Fonts/simkai.ttf><c:/Windows/Fonts/simkai.ttf><c:/Windows/Fonts/simkai.ttf><c:/Windows/Fonts/simkai.ttf><c:/Windows/Fonts/simkai.ttf><c:/Windows/Fonts/simkai.ttf><c:/Windows/Fonts/simkai.ttf><c:/Windows/Fonts/simkai.ttf><c:/Windows/Fonts/simkai.ttf><c:/Windows/Fonts/simsun.ttc><c:/Windows/Fonts/simsun.ttc><c:/Windows/Fonts/simsun.ttc><c:/Windows/Fonts/simsun.ttc><c:/Windows/Fonts/simsun.ttc><c:/Windows/Fonts/simsun.ttc><c:/Windows/Fonts/simsun.ttc><c:/Windows/Fonts/simhei.ttf><c:/Windows/Fonts/simhei.ttf><c:/Windows/Fonts/simhei.ttf><c:/Windows/Fonts/simhei.ttf><c:/Windows/Fonts/simhei.ttf><c:/Windows/Fonts/simhei.ttf><c:/Windows/Fonts/simsun.ttc><c:/Windows/Fonts/simsun.ttc><c:/Windows/Fonts/simsun.ttc><c:/Windows/Fonts/simsun.ttc><c:/Windows/Fonts/simhei.ttf><c:/Windows/Fonts/simhei.ttf><c:/Windows/Fonts/simhei.ttf><c:/Windows/Fonts/simsun.ttc><c:/Windows/Fonts/simsun.ttc><c:/Windows/Fonts/simsun.ttc><c:/Windows/Fonts/simsun.ttc><c:/Windows/Fonts/simsun.ttc><c:/Windows/Fonts/simhei.ttf><c:/Windows/Fonts/simsun.ttc><c:/Windows/Fonts/simsun.ttc><c:/Windows/Fonts/simsun.ttc><c:/Windows/Fonts/simsun.ttc><c:/Windows/Fonts/simsun.ttc><c:/Windows/Fonts/simsun.ttc><c:/Windows/Fonts/simsun.ttc><c:/Windows/Fonts/simsun.ttc><c:/Windows/Fonts/simsun.ttc><c:/Windows/Fonts/simsun.ttc><c:/Windows/Fonts/simsun.ttc><c:/Windows/Fonts/simsun.ttc><c:/Windows/Fonts/simsun.ttc><c:/Windows/Fonts/simsun.ttc><c:/Windows/Fonts/simsun.ttc><c:/Windows/Fonts/simsun.ttc><c:/Windows/Fonts/simsun.ttc><c:/Windows/Fonts/simsun.ttc><c:/Windows/Fonts/simsun.ttc><c:/Windows/Fonts/simsun.ttc><c:/Windows/Fonts/simsun.ttc><c:/Windows/Fonts/simsun.ttc><c:/Windows/Fonts/simsun.ttc><c:/Windows/Fonts/simsun.ttc><c:/Windows/Fonts/simsun.ttc><c:/Windows/Fonts/simsun.ttc><c:/Windows/Fonts/simhei.ttf><c:/Windows/Fonts/simhei.ttf><c:/Windows/Fonts/simhei.ttf><c:/Windows/Fonts/simhei.ttf><c:/Windows/Fonts/simhei.ttf><c:/Windows/Fonts/simhei.ttf><c:/Windows/Fonts/simhei.ttf><c:/Windows/Fonts/simhei.ttf><c:/Windows/Fonts/simsun.ttc><c:/Windows/Fonts/simsun.ttc><c:/Windows/Fonts/simsun.ttc><c:/Windows/Fonts/simsun.ttc><c:/Windows/Fonts/simsun.ttc><c:/Windows/Fonts/simsun.ttc><c:/Windows/Fonts/simsun.ttc><c:/Windows/Fonts/simsun.ttc><c:/Windows/Fonts/simsun.ttc><d:/DApplication/texlive/2024/texmf-dist/fonts/type1/public/amsfonts/cm/cmbx10.pfb><d:/DApplication/texlive/2024/texmf-dist/fonts/type1/public/amsfonts/cm/cmbx12.pfb><d:/DApplication/texlive/2024/texmf-dist/fonts/type1/public/amsfonts/cm/cmbx7.pfb><d:/DApplication/texlive/2024/texmf-dist/fonts/type1/public/amsfonts/cm/cmex10.pfb><d:/DApplication/texlive/2024/texmf-dist/fonts/type1/public/amsfonts/cm/cmmi10.pfb><d:/DApplication/texlive/2024/texmf-dist/fonts/type1/public/amsfonts/cm/cmmi5.pfb><d:/DApplication/texlive/2024/texmf-dist/fonts/type1/public/amsfonts/cm/cmmi7.pfb><d:/DApplication/texlive/2024/texmf-dist/fonts/type1/public/amsfonts/cm/cmmib10.pfb><d:/DApplication/texlive/2024/texmf-dist/fonts/type1/public/amsfonts/cm/cmr10.pfb><d:/DApplication/texlive/2024/texmf-dist/fonts/type1/public/amsfonts/cm/cmr12.pfb><d:/DApplication/texlive/2024/texmf-dist/fonts/type1/public/amsfonts/cm/cmr5.pfb><d:/DApplication/texlive/2024/texmf-dist/fonts/type1/public/amsfonts/cm/cmr7.pfb><d:/DApplication/texlive/2024/texmf-dist/fonts/type1/public/amsfonts/cm/cmsy10.pfb><d:/DApplication/texlive/2024/texmf-dist/fonts/type1/public/amsfonts/cm/cmsy5.pfb><d:/DApplication/texlive/2024/texmf-dist/fonts/type1/public/amsfonts/cm/cmsy7.pfb><d:/DApplication/texlive/2024/texmf-dist/fonts/type1/public/amsfonts/cm/cmtt10.pfb><d:/DApplication/texlive/2024/texmf-dist/fonts/type1/public/amsfonts/cm/cmtt12.pfb><d:/DApplication/texlive/2024/texmf-dist/fonts/type1/public/amsfonts/symbols/msbm10.pfb><d:/DApplication/texlive/2024/texmf-dist/fonts/type1/public/cm-super/sfrm1000.pfb>
Output written on main.pdf (43 pages, 1063955 bytes).
PDF statistics:
 967 PDF objects out of 1000 (max. 8388607)
 639 compressed objects within 7 object streams
 0 named destinations out of 1000 (max. 500000)
 309 words of extra memory for PDF output out of 10000 (max. 10000000)

